C:\DOCUMENTS AND SETTINGS\YP\мои документы\VISUAL STUDIO 2010\PROJECTS\NTFS\DEBUG\LIBNTFS.DLL
C:\Documents and Settings\YP\мои документы\visual studio 2010\Projects\ntfs\Debug\libntfs.exp
C:\DOCUMENTS AND SETTINGS\YP\мои документы\VISUAL STUDIO 2010\PROJECTS\NTFS\DEBUG\LIBNTFS.ILK
C:\Documents and Settings\YP\мои документы\visual studio 2010\Projects\ntfs\Debug\libntfs.lib
C:\DOCUMENTS AND SETTINGS\YP\МОИ ДОКУМЕНТЫ\VISUAL STUDIO 2010\PROJECTS\NTFS\DEBUG\LIBNTFS.PDB
C:\DOCUMENTS AND SETTINGS\YP\мои документы\VISUAL STUDIO 2010\PROJECTS\NTFS\LIBNTFS\DEBUG\_NTFS.OBJ
C:\Documents and Settings\YP\мои документы\visual studio 2010\Projects\ntfs\libntfs\Debug\cl.command.1.tlog
C:\Documents and Settings\YP\мои документы\visual studio 2010\Projects\ntfs\libntfs\Debug\CL.read.1.tlog
C:\Documents and Settings\YP\мои документы\visual studio 2010\Projects\ntfs\libntfs\Debug\CL.write.1.tlog
C:\DOCUMENTS AND SETTINGS\YP\мои документы\VISUAL STUDIO 2010\PROJECTS\NTFS\LIBNTFS\DEBUG\DLLMAIN.OBJ
C:\DOCUMENTS AND SETTINGS\YP\мои документы\VISUAL STUDIO 2010\PROJECTS\NTFS\LIBNTFS\DEBUG\FLIST.OBJ
C:\DOCUMENTS AND SETTINGS\YP\мои документы\VISUAL STUDIO 2010\PROJECTS\NTFS\LIBNTFS\DEBUG\LIBNTFS.DLL.EMBED.MANIFEST
C:\DOCUMENTS AND SETTINGS\YP\мои документы\VISUAL STUDIO 2010\PROJECTS\NTFS\LIBNTFS\DEBUG\LIBNTFS.DLL.EMBED.MANIFEST.RES
C:\DOCUMENTS AND SETTINGS\YP\мои документы\VISUAL STUDIO 2010\PROJECTS\NTFS\LIBNTFS\DEBUG\LIBNTFS.DLL.INTERMEDIATE.MANIFEST
C:\DOCUMENTS AND SETTINGS\YP\мои документы\VISUAL STUDIO 2010\PROJECTS\NTFS\LIBNTFS\DEBUG\LIBNTFS.PCH
C:\Documents and Settings\YP\мои документы\visual studio 2010\Projects\ntfs\libntfs\Debug\libntfs.write.1.tlog
C:\Documents and Settings\YP\мои документы\visual studio 2010\Projects\ntfs\libntfs\Debug\libntfs_manifest.rc
C:\Documents and Settings\YP\мои документы\visual studio 2010\Projects\ntfs\libntfs\Debug\link.2560.read.1.tlog
C:\Documents and Settings\YP\мои документы\visual studio 2010\Projects\ntfs\libntfs\Debug\link.2560.write.1.tlog
C:\Documents and Settings\YP\мои документы\visual studio 2010\Projects\ntfs\libntfs\Debug\link.2560-cvtres.read.1.tlog
C:\Documents and Settings\YP\мои документы\visual studio 2010\Projects\ntfs\libntfs\Debug\link.2560-cvtres.write.1.tlog
C:\Documents and Settings\YP\мои документы\visual studio 2010\Projects\ntfs\libntfs\Debug\link.command.1.tlog
C:\Documents and Settings\YP\мои документы\visual studio 2010\Projects\ntfs\libntfs\Debug\link.read.1.tlog
C:\Documents and Settings\YP\мои документы\visual studio 2010\Projects\ntfs\libntfs\Debug\link.write.1.tlog
C:\Documents and Settings\YP\мои документы\visual studio 2010\Projects\ntfs\libntfs\Debug\link-cvtres.read.1.tlog
C:\Documents and Settings\YP\мои документы\visual studio 2010\Projects\ntfs\libntfs\Debug\link-cvtres.write.1.tlog
C:\Documents and Settings\YP\мои документы\visual studio 2010\Projects\ntfs\libntfs\Debug\mt.command.1.tlog
C:\Documents and Settings\YP\мои документы\visual studio 2010\Projects\ntfs\libntfs\Debug\mt.read.1.tlog
C:\Documents and Settings\YP\мои документы\visual studio 2010\Projects\ntfs\libntfs\Debug\mt.write.1.tlog
C:\Documents and Settings\YP\мои документы\visual studio 2010\Projects\ntfs\libntfs\Debug\rc.command.1.tlog
C:\Documents and Settings\YP\мои документы\visual studio 2010\Projects\ntfs\libntfs\Debug\rc.read.1.tlog
C:\Documents and Settings\YP\мои документы\visual studio 2010\Projects\ntfs\libntfs\Debug\rc.write.1.tlog
C:\DOCUMENTS AND SETTINGS\YP\мои документы\VISUAL STUDIO 2010\PROJECTS\NTFS\LIBNTFS\DEBUG\STDAFX.OBJ
C:\DOCUMENTS AND SETTINGS\YP\мои документы\VISUAL STUDIO 2010\PROJECTS\NTFS\LIBNTFS\DEBUG\STRFT.OBJ
C:\Documents and Settings\YP\мои документы\visual studio 2010\Projects\ntfs\libntfs\Debug\vc100.idb
C:\DOCUMENTS AND SETTINGS\YP\МОИ ДОКУМЕНТЫ\VISUAL STUDIO 2010\PROJECTS\NTFS\LIBNTFS\DEBUG\VC100.PDB
C:\DOCUMENTS AND SETTINGS\YP\мои документы\VISUAL STUDIO 2010\PROJECTS\NTFS\LIBNTFS\DEBUG\VOLUME_LIST.OBJ
