Построение начато 20.05.2017 19:59:39.
Проект "C:\Documents and Settings\YP\Мои документы\Visual Studio 2010\Projects\ntfs\ntfs\ntfs.vcxproj" в узле 2 (целевые объекты build).
InitializeBuildStatus:
  Обращение к "Debug\ntfs.unsuccessfulbuild".
GenerateTargetFrameworkMonikerAttribute:
Целевой объект "GenerateTargetFrameworkMonikerAttribute" пропускается, так как все выходные файлы актуальны по отношению к входным.
ClCompile:
  Для всех выходных данных обновления не требуется.
  C:\Program Files\Microsoft Visual Studio 10.0\VC\bin\CL.exe /c /I"C:\Documents and Settings\YP\Мои документы\Visual Studio 2010\Projects\ntfs\Debug" /AI"C:\Program Files\Reference Assemblies\Microsoft\Framework\.NETFramework\v4.0" /Zi /clr:pure /nologo /W3 /WX- /Od /Oy- /D WIN32 /D _DEBUG /D _UNICODE /D UNICODE /EHa /MDd /GS /fp:precise /Zc:wchar_t /Zc:forScope /Yc"StdAfx.h" /Fp"Debug\ntfs.pch" /Fo"Debug\\" /Fd"Debug\vc100.pdb" /TP /FU"C:\Program Files\Reference Assemblies\Microsoft\Framework\.NETFramework\v4.0\System.Core.dll" /FU"C:\Program Files\Reference Assemblies\Microsoft\Framework\.NETFramework\v4.0\System.Data.dll" /FU"C:\Program Files\Reference Assemblies\Microsoft\Framework\.NETFramework\v4.0\System.dll" /FU"C:\Program Files\Reference Assemblies\Microsoft\Framework\.NETFramework\v4.0\System.Drawing.dll" /FU"C:\Program Files\Reference Assemblies\Microsoft\Framework\.NETFramework\v4.0\System.Windows.Forms.dll" /FU"C:\Program Files\Reference Assemblies\Microsoft\Framework\.NETFramework\v4.0\System.Xml.dll" /analyze- /errorReport:prompt stdafx.cpp /clr:nostdlib 
  stdafx.cpp
  C:\Program Files\Microsoft Visual Studio 10.0\VC\bin\CL.exe /c /I"C:\Documents and Settings\YP\Мои документы\Visual Studio 2010\Projects\ntfs\Debug" /AI"C:\Program Files\Reference Assemblies\Microsoft\Framework\.NETFramework\v4.0" /Zi /clr:pure /nologo /W3 /WX- /Od /Oy- /D WIN32 /D _DEBUG /D _UNICODE /D UNICODE /EHa /MDd /GS /fp:precise /Zc:wchar_t /Zc:forScope /Yu"StdAfx.h" /Fp"Debug\ntfs.pch" /Fo"Debug\\" /Fd"Debug\vc100.pdb" /TP /FU"C:\Program Files\Reference Assemblies\Microsoft\Framework\.NETFramework\v4.0\System.Core.dll" /FU"C:\Program Files\Reference Assemblies\Microsoft\Framework\.NETFramework\v4.0\System.Data.dll" /FU"C:\Program Files\Reference Assemblies\Microsoft\Framework\.NETFramework\v4.0\System.dll" /FU"C:\Program Files\Reference Assemblies\Microsoft\Framework\.NETFramework\v4.0\System.Drawing.dll" /FU"C:\Program Files\Reference Assemblies\Microsoft\Framework\.NETFramework\v4.0\System.Windows.Forms.dll" /FU"C:\Program Files\Reference Assemblies\Microsoft\Framework\.NETFramework\v4.0\System.Xml.dll" /analyze- /errorReport:prompt AssemblyInfo.cpp ntfs.cpp /clr:nostdlib 
  AssemblyInfo.cpp
  ntfs.cpp
  Создание кода...
  Для всех выходных данных обновления не требуется.
  C:\Program Files\Microsoft Visual Studio 10.0\VC\bin\CL.exe /c /I"C:\Documents and Settings\YP\Мои документы\Visual Studio 2010\Projects\ntfs\Debug" /Zi /clr:pure /nologo /W3 /WX- /Od /Oy- /D WIN32 /D _DEBUG /D _UNICODE /D UNICODE /EHa /MDd /GS /fp:precise /Zc:wchar_t /Zc:forScope /Fo"Debug\\" /Fd"Debug\vc100.pdb" /TP /analyze- /errorReport:prompt "C:\Documents and Settings\YP\Local Settings\Temp\.NETFramework,Version=v4.0.AssemblyAttributes.cpp"
  .NETFramework,Version=v4.0.AssemblyAttributes.cpp
CoreResGen:
  "C:\Program Files\Microsoft SDKs\Windows\v7.0A\bin\NETFX 4.0 Tools\resgen.exe" /useSourcePath /r:"C:\Program Files\Reference Assemblies\Microsoft\Framework\.NETFramework\v4.0\System.Core.dll" /r:"C:\Program Files\Reference Assemblies\Microsoft\Framework\.NETFramework\v4.0\System.Data.dll" /r:"C:\Program Files\Reference Assemblies\Microsoft\Framework\.NETFramework\v4.0\System.dll" /r:"C:\Program Files\Reference Assemblies\Microsoft\Framework\.NETFramework\v4.0\System.Drawing.dll" /r:"C:\Program Files\Reference Assemblies\Microsoft\Framework\.NETFramework\v4.0\System.Windows.Forms.dll" /r:"C:\Program Files\Reference Assemblies\Microsoft\Framework\.NETFramework\v4.0\System.Xml.dll" /compile Form1.resX,Debug\ntfs.Form1.resources
  Обрабатывается файл ресурсов "Form1.resX", результирующий объект: "Debug\ntfs.Form1.resources".
ResourceCompile:
  Для всех выходных данных обновления не требуется.
Link:
  C:\Program Files\Microsoft Visual Studio 10.0\VC\bin\link.exe /ERRORREPORT:PROMPT /OUT:"C:\Documents and Settings\YP\Мои документы\Visual Studio 2010\Projects\ntfs\Debug\ntfs.exe" /INCREMENTAL /NOLOGO /LIBPATH:"C:\Documents and Settings\YP\Мои документы\Visual Studio 2010\Projects\ntfs\Debug" libntfs.lib kernel32.lib user32.lib gdi32.lib winspool.lib comdlg32.lib advapi32.lib shell32.lib ole32.lib oleaut32.lib uuid.lib odbc32.lib odbccp32.lib /ASSEMBLYRESOURCE:Debug\ntfs.Form1.resources /MANIFEST /ManifestFile:"Debug\ntfs.exe.intermediate.manifest" /MANIFESTUAC:"level='asInvoker' uiAccess='false'" /DEBUG /PDB:"C:\Documents and Settings\YP\Мои документы\Visual Studio 2010\Projects\ntfs\Debug\ntfs.pdb" /ASSEMBLYDEBUG /SUBSYSTEM:WINDOWS /TLBID:1 /ENTRY:"main" /DYNAMICBASE /FIXED:NO /NXCOMPAT /MACHINE:X86 Debug\app.res
  Debug\AssemblyInfo.obj
  Debug\ntfs.obj
  Debug\stdafx.obj
  "Debug\.NETFramework,Version=v4.0.AssemblyAttributes.obj"
  "C:\Documents and Settings\YP\Мои документы\Visual Studio 2010\Projects\ntfs\Debug\libntfs.lib"
  ntfs.vcxproj -> C:\Documents and Settings\YP\Мои документы\Visual Studio 2010\Projects\ntfs\Debug\ntfs.exe
Manifest:
  C:\Program Files\Microsoft SDKs\Windows\v7.0A\bin\mt.exe /nologo /verbose /outputresource:"C:\Documents and Settings\YP\Мои документы\Visual Studio 2010\Projects\ntfs\Debug\ntfs.exe;#1" /manifest Debug\ntfs.exe.intermediate.manifest
FinalizeBuildStatus:
  Файл "Debug\ntfs.unsuccessfulbuild" удаляется.
  Обращение к "Debug\ntfs.lastbuildstate".
Построение проекта "C:\Documents and Settings\YP\Мои документы\Visual Studio 2010\Projects\ntfs\ntfs\ntfs.vcxproj" завершено (целевые объекты build).

Построение успешно завершено.

Затраченное время: 00:00:05.46
